[Tue, 07 Jan 14 00:00:47 +0000][ERROR] Trying to get property of non-object /opt/sites/abaka/vokuro/app/models/Series.php:109
[Tue, 07 Jan 14 00:00:47 +0000][ERROR] Trying to get property of non-object /opt/sites/abaka/vokuro/app/models/Series.php:116
[Tue, 07 Jan 14 00:01:44 +0000][ERROR] Trying to get property of non-object /opt/sites/abaka/vokuro/app/models/Series.php:116
[Tue, 07 Jan 14 00:41:04 +0000][ERROR] Trying to get property of non-object /opt/sites/abaka/vokuro/app/models/Series.php:109
[Tue, 07 Jan 14 00:41:04 +0000][ERROR] Undefined variable: i_user /opt/sites/abaka/vokuro/app/cache/volt/_opt_sites_abaka_vokuro_app_views_layouts_nav.volt.php:19
[Tue, 07 Jan 14 00:41:04 +0000][ERROR] Undefined variable: i_user /opt/sites/abaka/vokuro/app/cache/volt/_opt_sites_abaka_vokuro_app_views_layouts_nav.volt.php:66
[Tue, 07 Jan 14 00:41:12 +0000][ERROR] Trying to get property of non-object /opt/sites/abaka/vokuro/app/models/Series.php:116
[Tue, 07 Jan 14 00:41:47 +0000][ERROR] Trying to get property of non-object /opt/sites/abaka/vokuro/app/models/Series.php:116
[Tue, 07 Jan 14 00:41:54 +0000][ERROR] Undefined variable: genres /opt/sites/abaka/vokuro/app/controllers/SeriesController.php:73
[Tue, 07 Jan 14 00:41:59 +0000][ERROR] Undefined variable: genres /opt/sites/abaka/vokuro/app/controllers/SeriesController.php:73
[Tue, 07 Jan 14 00:42:45 +0000][ERROR] Undefined variable: genres /opt/sites/abaka/vokuro/app/controllers/SeriesController.php:73
[Tue, 07 Jan 14 00:42:45 +0000][ERROR] in_array() expects parameter 2 to be array, null given /opt/sites/abaka/vokuro/app/cache/volt/_opt_sites_abaka_vokuro_app_views_series_edit.volt.php:76
[Tue, 07 Jan 14 00:42:45 +0000][ERROR] in_array() expects parameter 2 to be array, null given /opt/sites/abaka/vokuro/app/cache/volt/_opt_sites_abaka_vokuro_app_views_series_edit.volt.php:76
[Tue, 07 Jan 14 00:42:45 +0000][ERROR] in_array() expects parameter 2 to be array, null given /opt/sites/abaka/vokuro/app/cache/volt/_opt_sites_abaka_vokuro_app_views_series_edit.volt.php:76
[Tue, 07 Jan 14 00:42:45 +0000][ERROR] in_array() expects parameter 2 to be array, null given /opt/sites/abaka/vokuro/app/cache/volt/_opt_sites_abaka_vokuro_app_views_series_edit.volt.php:76
[Tue, 07 Jan 14 00:42:45 +0000][ERROR] in_array() expects parameter 2 to be array, null given /opt/sites/abaka/vokuro/app/cache/volt/_opt_sites_abaka_vokuro_app_views_series_edit.volt.php:76
[Tue, 07 Jan 14 00:42:45 +0000][ERROR] in_array() expects parameter 2 to be array, null given /opt/sites/abaka/vokuro/app/cache/volt/_opt_sites_abaka_vokuro_app_views_series_edit.volt.php:76
[Tue, 07 Jan 14 00:42:45 +0000][ERROR] in_array() expects parameter 2 to be array, null given /opt/sites/abaka/vokuro/app/cache/volt/_opt_sites_abaka_vokuro_app_views_series_edit.volt.php:76
[Tue, 07 Jan 14 00:42:45 +0000][ERROR] in_array() expects parameter 2 to be array, null given /opt/sites/abaka/vokuro/app/cache/volt/_opt_sites_abaka_vokuro_app_views_series_edit.volt.php:76
[Tue, 07 Jan 14 00:42:45 +0000][ERROR] in_array() expects parameter 2 to be array, null given /opt/sites/abaka/vokuro/app/cache/volt/_opt_sites_abaka_vokuro_app_views_series_edit.volt.php:76
[Tue, 07 Jan 14 00:42:45 +0000][ERROR] in_array() expects parameter 2 to be array, null given /opt/sites/abaka/vokuro/app/cache/volt/_opt_sites_abaka_vokuro_app_views_series_edit.volt.php:76
[Tue, 07 Jan 14 00:42:45 +0000][ERROR] in_array() expects parameter 2 to be array, null given /opt/sites/abaka/vokuro/app/cache/volt/_opt_sites_abaka_vokuro_app_views_series_edit.volt.php:76
[Tue, 07 Jan 14 00:42:45 +0000][ERROR] in_array() expects parameter 2 to be array, null given /opt/sites/abaka/vokuro/app/cache/volt/_opt_sites_abaka_vokuro_app_views_series_edit.volt.php:76
[Tue, 07 Jan 14 00:42:45 +0000][ERROR] in_array() expects parameter 2 to be array, null given /opt/sites/abaka/vokuro/app/cache/volt/_opt_sites_abaka_vokuro_app_views_series_edit.volt.php:76
[Tue, 07 Jan 14 00:42:45 +0000][ERROR] in_array() expects parameter 2 to be array, null given /opt/sites/abaka/vokuro/app/cache/volt/_opt_sites_abaka_vokuro_app_views_series_edit.volt.php:76
[Tue, 07 Jan 14 00:42:45 +0000][ERROR] in_array() expects parameter 2 to be array, null given /opt/sites/abaka/vokuro/app/cache/volt/_opt_sites_abaka_vokuro_app_views_series_edit.volt.php:76
[Tue, 07 Jan 14 00:42:45 +0000][ERROR] in_array() expects parameter 2 to be array, null given /opt/sites/abaka/vokuro/app/cache/volt/_opt_sites_abaka_vokuro_app_views_series_edit.volt.php:76
[Tue, 07 Jan 14 00:42:45 +0000][ERROR] in_array() expects parameter 2 to be array, null given /opt/sites/abaka/vokuro/app/cache/volt/_opt_sites_abaka_vokuro_app_views_series_edit.volt.php:76
[Tue, 07 Jan 14 00:42:45 +0000][ERROR] in_array() expects parameter 2 to be array, null given /opt/sites/abaka/vokuro/app/cache/volt/_opt_sites_abaka_vokuro_app_views_series_edit.volt.php:76
[Tue, 07 Jan 14 00:42:45 +0000][ERROR] in_array() expects parameter 2 to be array, null given /opt/sites/abaka/vokuro/app/cache/volt/_opt_sites_abaka_vokuro_app_views_series_edit.volt.php:76
[Tue, 07 Jan 14 00:42:45 +0000][ERROR] in_array() expects parameter 2 to be array, null given /opt/sites/abaka/vokuro/app/cache/volt/_opt_sites_abaka_vokuro_app_views_series_edit.volt.php:76
[Tue, 07 Jan 14 00:42:45 +0000][ERROR] in_array() expects parameter 2 to be array, null given /opt/sites/abaka/vokuro/app/cache/volt/_opt_sites_abaka_vokuro_app_views_series_edit.volt.php:76
[Tue, 07 Jan 14 00:42:45 +0000][ERROR] in_array() expects parameter 2 to be array, null given /opt/sites/abaka/vokuro/app/cache/volt/_opt_sites_abaka_vokuro_app_views_series_edit.volt.php:76
[Tue, 07 Jan 14 00:42:45 +0000][ERROR] in_array() expects parameter 2 to be array, null given /opt/sites/abaka/vokuro/app/cache/volt/_opt_sites_abaka_vokuro_app_views_series_edit.volt.php:76
[Tue, 07 Jan 14 00:42:45 +0000][ERROR] in_array() expects parameter 2 to be array, null given /opt/sites/abaka/vokuro/app/cache/volt/_opt_sites_abaka_vokuro_app_views_series_edit.volt.php:76
[Tue, 07 Jan 14 00:42:45 +0000][ERROR] in_array() expects parameter 2 to be array, null given /opt/sites/abaka/vokuro/app/cache/volt/_opt_sites_abaka_vokuro_app_views_series_edit.volt.php:76
[Tue, 07 Jan 14 00:42:45 +0000][ERROR] in_array() expects parameter 2 to be array, null given /opt/sites/abaka/vokuro/app/cache/volt/_opt_sites_abaka_vokuro_app_views_series_edit.volt.php:76
[Tue, 07 Jan 14 00:42:45 +0000][ERROR] in_array() expects parameter 2 to be array, null given /opt/sites/abaka/vokuro/app/cache/volt/_opt_sites_abaka_vokuro_app_views_series_edit.volt.php:76
[Tue, 07 Jan 14 00:42:45 +0000][ERROR] in_array() expects parameter 2 to be array, null given /opt/sites/abaka/vokuro/app/cache/volt/_opt_sites_abaka_vokuro_app_views_series_edit.volt.php:76
[Tue, 07 Jan 14 00:42:45 +0000][ERROR] in_array() expects parameter 2 to be array, null given /opt/sites/abaka/vokuro/app/cache/volt/_opt_sites_abaka_vokuro_app_views_series_edit.volt.php:76
[Tue, 07 Jan 14 00:42:45 +0000][ERROR] in_array() expects parameter 2 to be array, null given /opt/sites/abaka/vokuro/app/cache/volt/_opt_sites_abaka_vokuro_app_views_series_edit.volt.php:76
[Tue, 07 Jan 14 00:42:45 +0000][ERROR] in_array() expects parameter 2 to be array, null given /opt/sites/abaka/vokuro/app/cache/volt/_opt_sites_abaka_vokuro_app_views_series_edit.volt.php:76
[Tue, 07 Jan 14 00:42:45 +0000][ERROR] in_array() expects parameter 2 to be array, null given /opt/sites/abaka/vokuro/app/cache/volt/_opt_sites_abaka_vokuro_app_views_series_edit.volt.php:76
[Tue, 07 Jan 14 00:42:45 +0000][ERROR] in_array() expects parameter 2 to be array, null given /opt/sites/abaka/vokuro/app/cache/volt/_opt_sites_abaka_vokuro_app_views_series_edit.volt.php:76
[Tue, 07 Jan 14 00:42:45 +0000][ERROR] in_array() expects parameter 2 to be array, null given /opt/sites/abaka/vokuro/app/cache/volt/_opt_sites_abaka_vokuro_app_views_series_edit.volt.php:76
[Tue, 07 Jan 14 00:42:45 +0000][ERROR] in_array() expects parameter 2 to be array, null given /opt/sites/abaka/vokuro/app/cache/volt/_opt_sites_abaka_vokuro_app_views_series_edit.volt.php:76
[Tue, 07 Jan 14 00:42:45 +0000][ERROR] in_array() expects parameter 2 to be array, null given /opt/sites/abaka/vokuro/app/cache/volt/_opt_sites_abaka_vokuro_app_views_series_edit.volt.php:76
[Tue, 07 Jan 14 00:42:45 +0000][ERROR] in_array() expects parameter 2 to be array, null given /opt/sites/abaka/vokuro/app/cache/volt/_opt_sites_abaka_vokuro_app_views_series_edit.volt.php:76
[Tue, 07 Jan 14 00:42:45 +0000][ERROR] in_array() expects parameter 2 to be array, null given /opt/sites/abaka/vokuro/app/cache/volt/_opt_sites_abaka_vokuro_app_views_series_edit.volt.php:76
[Tue, 07 Jan 14 00:42:45 +0000][ERROR] in_array() expects parameter 2 to be array, null given /opt/sites/abaka/vokuro/app/cache/volt/_opt_sites_abaka_vokuro_app_views_series_edit.volt.php:76
[Tue, 07 Jan 14 00:42:45 +0000][ERROR] in_array() expects parameter 2 to be array, null given /opt/sites/abaka/vokuro/app/cache/volt/_opt_sites_abaka_vokuro_app_views_series_edit.volt.php:76
[Tue, 07 Jan 14 00:42:45 +0000][ERROR] in_array() expects parameter 2 to be array, null given /opt/sites/abaka/vokuro/app/cache/volt/_opt_sites_abaka_vokuro_app_views_series_edit.volt.php:76
[Tue, 07 Jan 14 00:42:45 +0000][ERROR] in_array() expects parameter 2 to be array, null given /opt/sites/abaka/vokuro/app/cache/volt/_opt_sites_abaka_vokuro_app_views_series_edit.volt.php:76
[Tue, 07 Jan 14 00:42:45 +0000][ERROR] in_array() expects parameter 2 to be array, null given /opt/sites/abaka/vokuro/app/cache/volt/_opt_sites_abaka_vokuro_app_views_series_edit.volt.php:76
[Tue, 07 Jan 14 00:43:37 +0000][ERROR] in_array() expects parameter 2 to be array, object given /opt/sites/abaka/vokuro/app/cache/volt/_opt_sites_abaka_vokuro_app_views_series_edit.volt.php:76
[Tue, 07 Jan 14 00:43:37 +0000][ERROR] in_array() expects parameter 2 to be array, object given /opt/sites/abaka/vokuro/app/cache/volt/_opt_sites_abaka_vokuro_app_views_series_edit.volt.php:76
[Tue, 07 Jan 14 00:43:37 +0000][ERROR] in_array() expects parameter 2 to be array, object given /opt/sites/abaka/vokuro/app/cache/volt/_opt_sites_abaka_vokuro_app_views_series_edit.volt.php:76
[Tue, 07 Jan 14 00:43:37 +0000][ERROR] in_array() expects parameter 2 to be array, object given /opt/sites/abaka/vokuro/app/cache/volt/_opt_sites_abaka_vokuro_app_views_series_edit.volt.php:76
[Tue, 07 Jan 14 00:43:37 +0000][ERROR] in_array() expects parameter 2 to be array, object given /opt/sites/abaka/vokuro/app/cache/volt/_opt_sites_abaka_vokuro_app_views_series_edit.volt.php:76
[Tue, 07 Jan 14 00:43:37 +0000][ERROR] in_array() expects parameter 2 to be array, object given /opt/sites/abaka/vokuro/app/cache/volt/_opt_sites_abaka_vokuro_app_views_series_edit.volt.php:76
[Tue, 07 Jan 14 00:43:37 +0000][ERROR] in_array() expects parameter 2 to be array, object given /opt/sites/abaka/vokuro/app/cache/volt/_opt_sites_abaka_vokuro_app_views_series_edit.volt.php:76
[Tue, 07 Jan 14 00:43:37 +0000][ERROR] in_array() expects parameter 2 to be array, object given /opt/sites/abaka/vokuro/app/cache/volt/_opt_sites_abaka_vokuro_app_views_series_edit.volt.php:76
[Tue, 07 Jan 14 00:43:37 +0000][ERROR] in_array() expects parameter 2 to be array, object given /opt/sites/abaka/vokuro/app/cache/volt/_opt_sites_abaka_vokuro_app_views_series_edit.volt.php:76
[Tue, 07 Jan 14 00:43:37 +0000][ERROR] in_array() expects parameter 2 to be array, object given /opt/sites/abaka/vokuro/app/cache/volt/_opt_sites_abaka_vokuro_app_views_series_edit.volt.php:76
[Tue, 07 Jan 14 00:43:37 +0000][ERROR] in_array() expects parameter 2 to be array, object given /opt/sites/abaka/vokuro/app/cache/volt/_opt_sites_abaka_vokuro_app_views_series_edit.volt.php:76
[Tue, 07 Jan 14 00:43:37 +0000][ERROR] in_array() expects parameter 2 to be array, object given /opt/sites/abaka/vokuro/app/cache/volt/_opt_sites_abaka_vokuro_app_views_series_edit.volt.php:76
[Tue, 07 Jan 14 00:43:37 +0000][ERROR] in_array() expects parameter 2 to be array, object given /opt/sites/abaka/vokuro/app/cache/volt/_opt_sites_abaka_vokuro_app_views_series_edit.volt.php:76
[Tue, 07 Jan 14 00:43:37 +0000][ERROR] in_array() expects parameter 2 to be array, object given /opt/sites/abaka/vokuro/app/cache/volt/_opt_sites_abaka_vokuro_app_views_series_edit.volt.php:76
[Tue, 07 Jan 14 00:43:37 +0000][ERROR] in_array() expects parameter 2 to be array, object given /opt/sites/abaka/vokuro/app/cache/volt/_opt_sites_abaka_vokuro_app_views_series_edit.volt.php:76
[Tue, 07 Jan 14 00:43:37 +0000][ERROR] in_array() expects parameter 2 to be array, object given /opt/sites/abaka/vokuro/app/cache/volt/_opt_sites_abaka_vokuro_app_views_series_edit.volt.php:76
[Tue, 07 Jan 14 00:43:37 +0000][ERROR] in_array() expects parameter 2 to be array, object given /opt/sites/abaka/vokuro/app/cache/volt/_opt_sites_abaka_vokuro_app_views_series_edit.volt.php:76
[Tue, 07 Jan 14 00:43:37 +0000][ERROR] in_array() expects parameter 2 to be array, object given /opt/sites/abaka/vokuro/app/cache/volt/_opt_sites_abaka_vokuro_app_views_series_edit.volt.php:76
[Tue, 07 Jan 14 00:43:37 +0000][ERROR] in_array() expects parameter 2 to be array, object given /opt/sites/abaka/vokuro/app/cache/volt/_opt_sites_abaka_vokuro_app_views_series_edit.volt.php:76
[Tue, 07 Jan 14 00:43:37 +0000][ERROR] in_array() expects parameter 2 to be array, object given /opt/sites/abaka/vokuro/app/cache/volt/_opt_sites_abaka_vokuro_app_views_series_edit.volt.php:76
[Tue, 07 Jan 14 00:43:37 +0000][ERROR] in_array() expects parameter 2 to be array, object given /opt/sites/abaka/vokuro/app/cache/volt/_opt_sites_abaka_vokuro_app_views_series_edit.volt.php:76
[Tue, 07 Jan 14 00:43:37 +0000][ERROR] in_array() expects parameter 2 to be array, object given /opt/sites/abaka/vokuro/app/cache/volt/_opt_sites_abaka_vokuro_app_views_series_edit.volt.php:76
[Tue, 07 Jan 14 00:43:37 +0000][ERROR] in_array() expects parameter 2 to be array, object given /opt/sites/abaka/vokuro/app/cache/volt/_opt_sites_abaka_vokuro_app_views_series_edit.volt.php:76
[Tue, 07 Jan 14 00:43:37 +0000][ERROR] in_array() expects parameter 2 to be array, object given /opt/sites/abaka/vokuro/app/cache/volt/_opt_sites_abaka_vokuro_app_views_series_edit.volt.php:76
[Tue, 07 Jan 14 00:43:37 +0000][ERROR] in_array() expects parameter 2 to be array, object given /opt/sites/abaka/vokuro/app/cache/volt/_opt_sites_abaka_vokuro_app_views_series_edit.volt.php:76
[Tue, 07 Jan 14 00:43:37 +0000][ERROR] in_array() expects parameter 2 to be array, object given /opt/sites/abaka/vokuro/app/cache/volt/_opt_sites_abaka_vokuro_app_views_series_edit.volt.php:76
[Tue, 07 Jan 14 00:43:37 +0000][ERROR] in_array() expects parameter 2 to be array, object given /opt/sites/abaka/vokuro/app/cache/volt/_opt_sites_abaka_vokuro_app_views_series_edit.volt.php:76
[Tue, 07 Jan 14 00:43:37 +0000][ERROR] in_array() expects parameter 2 to be array, object given /opt/sites/abaka/vokuro/app/cache/volt/_opt_sites_abaka_vokuro_app_views_series_edit.volt.php:76
[Tue, 07 Jan 14 00:43:37 +0000][ERROR] in_array() expects parameter 2 to be array, object given /opt/sites/abaka/vokuro/app/cache/volt/_opt_sites_abaka_vokuro_app_views_series_edit.volt.php:76
[Tue, 07 Jan 14 00:43:37 +0000][ERROR] in_array() expects parameter 2 to be array, object given /opt/sites/abaka/vokuro/app/cache/volt/_opt_sites_abaka_vokuro_app_views_series_edit.volt.php:76
[Tue, 07 Jan 14 00:43:37 +0000][ERROR] in_array() expects parameter 2 to be array, object given /opt/sites/abaka/vokuro/app/cache/volt/_opt_sites_abaka_vokuro_app_views_series_edit.volt.php:76
[Tue, 07 Jan 14 00:43:37 +0000][ERROR] in_array() expects parameter 2 to be array, object given /opt/sites/abaka/vokuro/app/cache/volt/_opt_sites_abaka_vokuro_app_views_series_edit.volt.php:76
[Tue, 07 Jan 14 00:43:37 +0000][ERROR] in_array() expects parameter 2 to be array, object given /opt/sites/abaka/vokuro/app/cache/volt/_opt_sites_abaka_vokuro_app_views_series_edit.volt.php:76
[Tue, 07 Jan 14 00:43:37 +0000][ERROR] in_array() expects parameter 2 to be array, object given /opt/sites/abaka/vokuro/app/cache/volt/_opt_sites_abaka_vokuro_app_views_series_edit.volt.php:76
[Tue, 07 Jan 14 00:43:37 +0000][ERROR] in_array() expects parameter 2 to be array, object given /opt/sites/abaka/vokuro/app/cache/volt/_opt_sites_abaka_vokuro_app_views_series_edit.volt.php:76
[Tue, 07 Jan 14 00:43:37 +0000][ERROR] in_array() expects parameter 2 to be array, object given /opt/sites/abaka/vokuro/app/cache/volt/_opt_sites_abaka_vokuro_app_views_series_edit.volt.php:76
[Tue, 07 Jan 14 00:43:37 +0000][ERROR] in_array() expects parameter 2 to be array, object given /opt/sites/abaka/vokuro/app/cache/volt/_opt_sites_abaka_vokuro_app_views_series_edit.volt.php:76
[Tue, 07 Jan 14 00:43:37 +0000][ERROR] in_array() expects parameter 2 to be array, object given /opt/sites/abaka/vokuro/app/cache/volt/_opt_sites_abaka_vokuro_app_views_series_edit.volt.php:76
[Tue, 07 Jan 14 00:43:37 +0000][ERROR] in_array() expects parameter 2 to be array, object given /opt/sites/abaka/vokuro/app/cache/volt/_opt_sites_abaka_vokuro_app_views_series_edit.volt.php:76
[Tue, 07 Jan 14 00:43:37 +0000][ERROR] in_array() expects parameter 2 to be array, object given /opt/sites/abaka/vokuro/app/cache/volt/_opt_sites_abaka_vokuro_app_views_series_edit.volt.php:76
[Tue, 07 Jan 14 00:43:37 +0000][ERROR] in_array() expects parameter 2 to be array, object given /opt/sites/abaka/vokuro/app/cache/volt/_opt_sites_abaka_vokuro_app_views_series_edit.volt.php:76
[Tue, 07 Jan 14 00:43:37 +0000][ERROR] in_array() expects parameter 2 to be array, object given /opt/sites/abaka/vokuro/app/cache/volt/_opt_sites_abaka_vokuro_app_views_series_edit.volt.php:76
[Tue, 07 Jan 14 00:43:37 +0000][ERROR] in_array() expects parameter 2 to be array, object given /opt/sites/abaka/vokuro/app/cache/volt/_opt_sites_abaka_vokuro_app_views_series_edit.volt.php:76
[Tue, 07 Jan 14 02:44:16 +0000][ERROR] Undefined variable: i_user /opt/sites/abaka/vokuro/app/cache/volt/_opt_sites_abaka_vokuro_app_views_layouts_nav.volt.php:19
[Tue, 07 Jan 14 02:44:16 +0000][ERROR] Undefined variable: i_user /opt/sites/abaka/vokuro/app/cache/volt/_opt_sites_abaka_vokuro_app_views_layouts_nav.volt.php:66
[Tue, 07 Jan 14 02:44:24 +0000][ERROR] Trying to get property of non-object /opt/sites/abaka/vokuro/app/models/Series.php:109
[Tue, 07 Jan 14 02:44:24 +0000][ERROR] Trying to get property of non-object /opt/sites/abaka/vokuro/app/models/Series.php:116
[Tue, 07 Jan 14 03:04:28 +0000][ERROR] Trying to get property of non-object /opt/sites/abaka/vokuro/app/models/Series.php:109
[Tue, 07 Jan 14 03:04:28 +0000][ERROR] Trying to get property of non-object /opt/sites/abaka/vokuro/app/models/Series.php:116
[Tue, 07 Jan 14 03:04:46 +0000][ERROR] Trying to get property of non-object /opt/sites/abaka/vokuro/app/models/Series.php:109
[Tue, 07 Jan 14 03:04:46 +0000][ERROR] Trying to get property of non-object /opt/sites/abaka/vokuro/app/models/Series.php:116
[Tue, 07 Jan 14 03:05:28 +0000][ERROR] Trying to get property of non-object /opt/sites/abaka/vokuro/app/models/Series.php:109
[Tue, 07 Jan 14 03:05:28 +0000][ERROR] Trying to get property of non-object /opt/sites/abaka/vokuro/app/models/Series.php:116
[Tue, 07 Jan 14 05:20:36 +0000][ERROR] Undefined variable: i_user /opt/sites/abaka/vokuro/app/cache/volt/_opt_sites_abaka_vokuro_app_views_layouts_nav.volt.php:19
[Tue, 07 Jan 14 05:20:36 +0000][ERROR] Undefined variable: i_user /opt/sites/abaka/vokuro/app/cache/volt/_opt_sites_abaka_vokuro_app_views_layouts_nav.volt.php:66
[Tue, 07 Jan 14 17:22:11 +0000][ERROR] Undefined variable: i_user /opt/sites/abaka/vokuro/app/cache/volt/_opt_sites_abaka_vokuro_app_views_layouts_nav.volt.php:19
[Tue, 07 Jan 14 17:22:11 +0000][ERROR] Undefined variable: i_user /opt/sites/abaka/vokuro/app/cache/volt/_opt_sites_abaka_vokuro_app_views_layouts_nav.volt.php:66
[Tue, 07 Jan 14 18:01:07 +0000][ERROR] Undefined variable: vhost /opt/sites/abaka/vokuro/app/cache/volt/_opt_sites_abaka_vokuro_app_views_videohosts_index.volt.php:19
[Tue, 07 Jan 14 18:01:07 +0000][ERROR] Undefined variable: vhost /opt/sites/abaka/vokuro/app/cache/volt/_opt_sites_abaka_vokuro_app_views_videohosts_index.volt.php:20
[Tue, 07 Jan 14 18:01:07 +0000][ERROR] Invalid argument supplied for foreach() /opt/sites/abaka/vokuro/app/cache/volt/_opt_sites_abaka_vokuro_app_views_videohosts_index.volt.php:20
[Tue, 07 Jan 14 18:01:35 +0000][ERROR] Undefined variable: vhost /opt/sites/abaka/vokuro/app/cache/volt/_opt_sites_abaka_vokuro_app_views_videohosts_index.volt.php:22
[Tue, 07 Jan 14 18:01:35 +0000][ERROR] Trying to get property of non-object /opt/sites/abaka/vokuro/app/cache/volt/_opt_sites_abaka_vokuro_app_views_videohosts_index.volt.php:22
[Tue, 07 Jan 14 18:01:35 +0000][ERROR] Undefined variable: vhost /opt/sites/abaka/vokuro/app/cache/volt/_opt_sites_abaka_vokuro_app_views_videohosts_index.volt.php:22
[Tue, 07 Jan 14 18:01:35 +0000][ERROR] Trying to get property of non-object /opt/sites/abaka/vokuro/app/cache/volt/_opt_sites_abaka_vokuro_app_views_videohosts_index.volt.php:22
[Tue, 07 Jan 14 18:01:39 +0000][ERROR] Undefined variable: vhost /opt/sites/abaka/vokuro/app/cache/volt/_opt_sites_abaka_vokuro_app_views_videohosts_index.volt.php:22
[Tue, 07 Jan 14 18:01:39 +0000][ERROR] Trying to get property of non-object /opt/sites/abaka/vokuro/app/cache/volt/_opt_sites_abaka_vokuro_app_views_videohosts_index.volt.php:22
[Tue, 07 Jan 14 18:01:39 +0000][ERROR] Undefined variable: vhost /opt/sites/abaka/vokuro/app/cache/volt/_opt_sites_abaka_vokuro_app_views_videohosts_index.volt.php:22
[Tue, 07 Jan 14 18:01:39 +0000][ERROR] Trying to get property of non-object /opt/sites/abaka/vokuro/app/cache/volt/_opt_sites_abaka_vokuro_app_views_videohosts_index.volt.php:22
[Tue, 07 Jan 14 19:02:42 +0000][ERROR] Undefined variable: mirrors_u /opt/sites/abaka/vokuro/app/cache/volt/_opt_sites_abaka_vokuro_app_views_mirrors_index.volt.php:35
[Tue, 07 Jan 14 19:02:42 +0000][ERROR] Invalid argument supplied for foreach() /opt/sites/abaka/vokuro/app/cache/volt/_opt_sites_abaka_vokuro_app_views_mirrors_index.volt.php:35
[Tue, 07 Jan 14 19:02:42 +0000][ERROR] Undefined variable: i_user /opt/sites/abaka/vokuro/app/cache/volt/_opt_sites_abaka_vokuro_app_views_layouts_nav.volt.php:19
[Tue, 07 Jan 14 19:02:42 +0000][ERROR] Undefined variable: i_user /opt/sites/abaka/vokuro/app/cache/volt/_opt_sites_abaka_vokuro_app_views_layouts_nav.volt.php:66
[Tue, 07 Jan 14 19:02:50 +0000][ERROR] Undefined variable: mirrors_u /opt/sites/abaka/vokuro/app/cache/volt/_opt_sites_abaka_vokuro_app_views_mirrors_index.volt.php:35
[Tue, 07 Jan 14 19:02:50 +0000][ERROR] Invalid argument supplied for foreach() /opt/sites/abaka/vokuro/app/cache/volt/_opt_sites_abaka_vokuro_app_views_mirrors_index.volt.php:35
[Tue, 07 Jan 14 19:03:45 +0000][ERROR] Undefined variable: mirrors_u /opt/sites/abaka/vokuro/app/cache/volt/_opt_sites_abaka_vokuro_app_views_mirrors_index.volt.php:35
[Tue, 07 Jan 14 19:03:45 +0000][ERROR] Undefined variable: mirrors_u /opt/sites/abaka/vokuro/app/cache/volt/_opt_sites_abaka_vokuro_app_views_mirrors_index.volt.php:36
[Tue, 07 Jan 14 19:03:45 +0000][ERROR] Invalid argument supplied for foreach() /opt/sites/abaka/vokuro/app/cache/volt/_opt_sites_abaka_vokuro_app_views_mirrors_index.volt.php:36
[Tue, 07 Jan 14 19:31:29 +0000][ERROR] Trying to get property of non-object /opt/sites/abaka/vokuro/app/cache/volt/_opt_sites_abaka_vokuro_app_views_mirrors_index.volt.php:41
[Tue, 07 Jan 14 19:31:29 +0000][ERROR] Trying to get property of non-object /opt/sites/abaka/vokuro/app/cache/volt/_opt_sites_abaka_vokuro_app_views_mirrors_index.volt.php:43
[Tue, 07 Jan 14 19:31:29 +0000][ERROR] Access to undefined property Abstaff\Models\Mirrors::submitted /opt/sites/abaka/vokuro/app/cache/volt/_opt_sites_abaka_vokuro_app_views_mirrors_index.volt.php:44
[Tue, 07 Jan 14 19:31:31 +0000][ERROR] Trying to get property of non-object /opt/sites/abaka/vokuro/app/cache/volt/_opt_sites_abaka_vokuro_app_views_mirrors_index.volt.php:41
[Tue, 07 Jan 14 19:31:31 +0000][ERROR] Trying to get property of non-object /opt/sites/abaka/vokuro/app/cache/volt/_opt_sites_abaka_vokuro_app_views_mirrors_index.volt.php:43
[Tue, 07 Jan 14 19:31:31 +0000][ERROR] Access to undefined property Abstaff\Models\Mirrors::submitted /opt/sites/abaka/vokuro/app/cache/volt/_opt_sites_abaka_vokuro_app_views_mirrors_index.volt.php:44
[Tue, 07 Jan 14 19:37:15 +0000][ERROR] Object of class Abstaff\Models\Videohosts could not be converted to string /opt/sites/abaka/vokuro/app/cache/volt/_opt_sites_abaka_vokuro_app_views_mirrors_index.volt.php:41
[Tue, 07 Jan 14 19:37:15 +0000][ERROR] Object of class Abstaff\Models\Users could not be converted to string /opt/sites/abaka/vokuro/app/cache/volt/_opt_sites_abaka_vokuro_app_views_mirrors_index.volt.php:43
[Tue, 07 Jan 14 19:37:32 +0000][ERROR] Object of class Abstaff\Models\Videohosts could not be converted to string /opt/sites/abaka/vokuro/app/cache/volt/_opt_sites_abaka_vokuro_app_views_mirrors_index.volt.php:41
[Tue, 07 Jan 14 19:49:28 +0000][ERROR] Undefined property: Phalcon\Mvc\Model\Resultset\Simple::$episode_id /opt/sites/abaka/vokuro/app/controllers/MirrorsController.php:25
[Tue, 07 Jan 14 19:50:38 +0000][ERROR] Undefined property: Phalcon\Mvc\Model\Resultset\Simple::$episode_id /opt/sites/abaka/vokuro/app/controllers/MirrorsController.php:25
[Tue, 07 Jan 14 19:50:38 +0000][ERROR] Access to undefined property Abstaff\Models\Mirrors::episode /opt/sites/abaka/vokuro/app/cache/volt/_opt_sites_abaka_vokuro_app_views_mirrors_index.volt.php:40
[Tue, 07 Jan 14 19:50:38 +0000][ERROR] Trying to get property of non-object /opt/sites/abaka/vokuro/app/cache/volt/_opt_sites_abaka_vokuro_app_views_mirrors_index.volt.php:40
[Tue, 07 Jan 14 19:51:11 +0000][ERROR] Undefined property: Phalcon\Mvc\Model\Resultset\Simple::$episode_id /opt/sites/abaka/vokuro/app/controllers/MirrorsController.php:25
[Tue, 07 Jan 14 22:58:49 +0000][ERROR] Undefined variable: series /opt/sites/abaka/vokuro/app/cache/volt/_opt_sites_abaka_vokuro_app_views_index_index.volt.php:48
[Tue, 07 Jan 14 22:58:49 +0000][ERROR] Invalid argument supplied for foreach() /opt/sites/abaka/vokuro/app/cache/volt/_opt_sites_abaka_vokuro_app_views_index_index.volt.php:48
[Tue, 07 Jan 14 22:58:49 +0000][ERROR] Undefined variable: i_user /opt/sites/abaka/vokuro/app/cache/volt/_opt_sites_abaka_vokuro_app_views_layouts_nav.volt.php:19
[Tue, 07 Jan 14 22:58:49 +0000][ERROR] Undefined variable: i_user /opt/sites/abaka/vokuro/app/cache/volt/_opt_sites_abaka_vokuro_app_views_layouts_nav.volt.php:66
[Tue, 07 Jan 14 22:58:54 +0000][ERROR] Undefined variable: series /opt/sites/abaka/vokuro/app/cache/volt/_opt_sites_abaka_vokuro_app_views_index_index.volt.php:48
[Tue, 07 Jan 14 22:58:54 +0000][ERROR] Invalid argument supplied for foreach() /opt/sites/abaka/vokuro/app/cache/volt/_opt_sites_abaka_vokuro_app_views_index_index.volt.php:48
[Tue, 07 Jan 14 22:58:57 +0000][ERROR] Undefined variable: series /opt/sites/abaka/vokuro/app/cache/volt/_opt_sites_abaka_vokuro_app_views_index_index.volt.php:48
[Tue, 07 Jan 14 22:58:57 +0000][ERROR] Invalid argument supplied for foreach() /opt/sites/abaka/vokuro/app/cache/volt/_opt_sites_abaka_vokuro_app_views_index_index.volt.php:48
[Tue, 07 Jan 14 23:08:35 +0000][ERROR] Undefined variable: series /opt/sites/abaka/vokuro/app/cache/volt/_opt_sites_abaka_vokuro_app_views_index_index.volt.php:48
[Tue, 07 Jan 14 23:08:35 +0000][ERROR] Invalid argument supplied for foreach() /opt/sites/abaka/vokuro/app/cache/volt/_opt_sites_abaka_vokuro_app_views_index_index.volt.php:48
[Tue, 07 Jan 14 23:08:41 +0000][ERROR] Trying to get property of non-object /opt/sites/abaka/vokuro/app/models/Series.php:116
[Tue, 07 Jan 14 23:08:47 +0000][ERROR] Trying to get property of non-object /opt/sites/abaka/vokuro/app/models/Series.php:109
[Tue, 07 Jan 14 23:55:54 +0000][ERROR] Undefined property: Phalcon\Mvc\Model\Row::$title /opt/sites/abaka/vokuro/app/cache/volt/_opt_sites_abaka_vokuro_app_views_index_index.volt.php:50
[Tue, 07 Jan 14 23:55:54 +0000][ERROR] Undefined property: Phalcon\Mvc\Model\Row::$status /opt/sites/abaka/vokuro/app/cache/volt/_opt_sites_abaka_vokuro_app_views_index_index.volt.php:51
[Tue, 07 Jan 14 23:55:54 +0000][ERROR] Undefined property: Phalcon\Mvc\Model\Row::$title /opt/sites/abaka/vokuro/app/cache/volt/_opt_sites_abaka_vokuro_app_views_index_index.volt.php:50
[Tue, 07 Jan 14 23:55:54 +0000][ERROR] Undefined property: Phalcon\Mvc\Model\Row::$status /opt/sites/abaka/vokuro/app/cache/volt/_opt_sites_abaka_vokuro_app_views_index_index.volt.php:51
[Tue, 07 Jan 14 23:55:54 +0000][ERROR] Undefined property: Phalcon\Mvc\Model\Row::$title /opt/sites/abaka/vokuro/app/cache/volt/_opt_sites_abaka_vokuro_app_views_index_index.volt.php:50
[Tue, 07 Jan 14 23:55:54 +0000][ERROR] Undefined property: Phalcon\Mvc\Model\Row::$status /opt/sites/abaka/vokuro/app/cache/volt/_opt_sites_abaka_vokuro_app_views_index_index.volt.php:51
[Tue, 07 Jan 14 23:56:55 +0000][ERROR] Undefined property: Phalcon\Mvc\Model\Row::$status /opt/sites/abaka/vokuro/app/cache/volt/_opt_sites_abaka_vokuro_app_views_index_index.volt.php:51
[Tue, 07 Jan 14 23:56:55 +0000][ERROR] Undefined property: Phalcon\Mvc\Model\Row::$status /opt/sites/abaka/vokuro/app/cache/volt/_opt_sites_abaka_vokuro_app_views_index_index.volt.php:51
[Tue, 07 Jan 14 23:56:55 +0000][ERROR] Undefined property: Phalcon\Mvc\Model\Row::$status /opt/sites/abaka/vokuro/app/cache/volt/_opt_sites_abaka_vokuro_app_views_index_index.volt.php:51
[Tue, 07 Jan 14 23:59:07 +0000][ERROR] Undefined property: Phalcon\Mvc\Model\Row::$title /opt/sites/abaka/vokuro/app/cache/volt/_opt_sites_abaka_vokuro_app_views_index_index.volt.php:51
[Tue, 07 Jan 14 23:59:07 +0000][ERROR] Undefined property: Phalcon\Mvc\Model\Row::$title /opt/sites/abaka/vokuro/app/cache/volt/_opt_sites_abaka_vokuro_app_views_index_index.volt.php:51
[Tue, 07 Jan 14 23:59:07 +0000][ERROR] Undefined property: Phalcon\Mvc\Model\Row::$title /opt/sites/abaka/vokuro/app/cache/volt/_opt_sites_abaka_vokuro_app_views_index_index.volt.php:51
